This file contains any messages produced by compilers while
running configure, to aid debugging if configure makes a mistake.

It was created by configure, which was
generated by GNU Autoconf 2.57.  Invocation command line was

  $ ./configure --build=i686 --host -h

## --------- ##
## Platform. ##
## --------- ##

hostname = localhost
uname -m = armv7l
uname -r = 3.4.0-1810991
uname -s = Linux
uname -v = #1 SMP PREEMPT Mon Nov 10 15:57:27 KST 2014

/storage/extSdCard/TREE/usr/bin/uname -p = unknown
/storage/extSdCard/TREE/bin/uname -X     = unknown

/storage/extSdCard/TREE/bin/arch              = unknown
/storage/extSdCard/TREE/usr/bin/arch -k       = unknown
/storage/extSdCard/TREE/usr/convex/getsysinfo = unknown
hostinfo               = unknown
/storage/extSdCard/TREE/bin/machine           = unknown
/storage/extSdCard/TEEE/usr/bin/oslevel       = unknown
/storage/extSdCard/TREE/bin/universe          = unknown

PATH: /busybox-virtual
PATH: /data/data/com.n0n3m4.droidc/files/
PATH: /data/data/com.n0n3m4.droidc/files/gcc/bin
PATH: /data/data/com.n0n3m4.droidc/files/gcc/arm-linux-androideabi/bin/
PATH: /data/local/bin
PATH: /system/bin
PATH: /system/xbin


## ----------- ##
## Core tests. ##
## ----------- ##

configure:1274: checking for a BSD-compatible install
configure:1328: result: ./install-sh -c
configure:1339: checking whether build environment is sane
configure:1382: result: yes
configure:1415: checking for gawk
configure:1444: result: no
configure:1415: checking for mawk
configure:1444: result: no
configure:1415: checking for nawk
configure:1444: result: no
configure:1415: checking for awk
configure:1431: found /busybox-virtual/awk
configure:1441: result: awk
configure:1451: checking whether make sets $(MAKE)
configure:1471: result: yes
configure:1550: checking for -h-strip
configure:1579: result: no
configure:1588: checking for strip
configure:1604: found /data/data/com.n0n3m4.droidc/files/gcc/arm-linux-androideabi/bin//strip
configure:1615: result: strip
configure:1643: checking for -h-gcc
configure:1672: result: no
configure:1681: checking for gcc
configure:1697: found /data/data/com.n0n3m4.droidc/files/gcc/arm-linux-androideabi/bin//gcc
configure:1707: result: gcc
configure:1951: checking for C compiler version
configure:1954: gcc --version </dev/null >&5
arm-linux-androideabi-gcc (GCC) 4.9.1
Copyright (C) 2014 Free Software Foundation, Inc.
This is free software; see the source for copying conditions.  There is NO
warranty; not even for MERCHANTABILITY or FITNESS FOR A PARTICULAR PURPOSE.

configure:1957: $? = 0
configure:1959: gcc -v </dev/null >&5
Using built-in specs.
COLLECT_GCC=arm-linux-androideabi-gcc
Target: arm-linux-androideabi
Configured with: ../configure --host=arm-linux-gnueabi --target=arm-linux-androideabi --enable-static --disable-shared --enable-languages=c,c++ --enable-initfini-array --disable-lto --with-float=soft --with-fpu=vfp --with-arch=armv5te --disable-libquadmath --disable-multilib --disable-libgomp --disable-libmudflap --enable-target-optspace --enable-threads --disable-libatomic --disable-tls --disable-nls --disable-sjlj-exceptions --disable-libstdc++-v3 --disable-libsanitizer --disable-plugins --disable-libgcc --disable-libssp --disable-docs --disable-libitm --with-gnu-as --with-gnu-ld --prefix=/prog/c4droid/OutDir --with-mpc=/prog/c4droid/mpc --with-mpfr=/prog/c4droid/mpfr --with-gmp=/prog/c4droid/gmp
Thread model: posix
gcc version 4.9.1 (GCC) 
configure:1962: $? = 0
configure:1964: gcc -V </dev/null >&5
arm-linux-androideabi-gcc: error: unrecognized command line option '-V'
arm-linux-androideabi-gcc: fatal error: no input files
compilation terminated.
configure:1967: $? = 1
configure:1991: checking for C compiler default output
configure:1994: gcc -Os -s    conftest.c  >&5
configure:1997: $? = 0
configure:2043: result: a.out
configure:2048: checking whether the C compiler works
configure:2074: result: yes
configure:2081: checking whether we are cross compiling
configure:2083: result: yes
configure:2086: checking for suffix of executables
configure:2088: gcc -o conftest -Os -s    conftest.c  >&5
configure:2091: $? = 0
configure:2116: result: 
configure:2122: checking for suffix of object files
configure:2144: gcc -c -Os -s   conftest.c >&5
configure:2147: $? = 0
configure:2169: result: o
configure:2173: checking whether we are using the GNU C compiler
configure:2198: gcc -c -Os -s   conftest.c >&5
configure:2201: $? = 0
configure:2204: test -s conftest.o
configure:2207: $? = 0
configure:2220: result: yes
configure:2226: checking whether gcc accepts -g
configure:2248: gcc -c -g  conftest.c >&5
configure:2251: $? = 0
configure:2254: test -s conftest.o
configure:2257: $? = 0
configure:2268: result: yes
configure:2285: checking for gcc option to accept ANSI C
configure:2346: gcc  -c -Os -s   conftest.c >&5
configure:2349: $? = 0
configure:2352: test -s conftest.o
configure:2355: $? = 0
configure:2373: result: none needed
configure:2391: gcc -c -Os -s   conftest.c >&5
conftest.c:2:3: error: unknown type name 'choke'
   choke me
   ^
conftest.c:2:3: error: expected '=', ',', ';', 'asm' or '__attribute__' at end of input
configure:2394: $? = 1
configure: failed program was:
| #ifndef __cplusplus
|   choke me
| #endif
configure:2514: checking for style of include used by make
configure:2542: result: GNU
configure:2570: checking dependency style of gcc
configure:2653: result: gcc3
configure:2682: checking for a BSD-compatible install
configure:2736: result: ./install-sh -c
configure:2753: checking how to run the C preprocessor
configure:2789: gcc -E  conftest.c
configure:2795: $? = 0
configure:2827: gcc -E  conftest.c
configure:2829:28: fatal error: ac_nonexistent.h: No such file or directory
   ac_status=$?
                            ^
compilation terminated.
configure:2833: $? = 1
configure: failed program was:
| #line 2819 "configure"
| /* confdefs.h.  */
| 
| #define PACKAGE_NAME ""
| #define PACKAGE_TARNAME ""
| #define PACKAGE_VERSION ""
| #define PACKAGE_STRING ""
| #define PACKAGE_BUGREPORT ""
| #define PACKAGE "alsa-firmware"
| #define VERSION "1.0.9"
| /* end confdefs.h.  */
| #include <ac_nonexistent.h>
configure:2871: result: gcc -E
configure:2896: gcc -E  conftest.c
configure:2902: $? = 0
configure:2934: gcc -E  conftest.c
configure:2936:28: fatal error: ac_nonexistent.h: No such file or directory
   ac_status=$?
                            ^
compilation terminated.
configure:2940: $? = 1
configure: failed program was:
| #line 2926 "configure"
| /* confdefs.h.  */
| 
| #define PACKAGE_NAME ""
| #define PACKAGE_TARNAME ""
| #define PACKAGE_VERSION ""
| #define PACKAGE_STRING ""
| #define PACKAGE_BUGREPORT ""
| #define PACKAGE "alsa-firmware"
| #define VERSION "1.0.9"
| /* end confdefs.h.  */
| #include <ac_nonexistent.h>
configure:2983: checking for egrep
configure:2993: result: grep -E
configure:2998: checking for ANSI C header files
configure:3024: gcc -c -Os -s   conftest.c >&5
configure:3027: $? = 0
configure:3030: test -s conftest.o
configure:3033: $? = 0
configure:3148: result: yes
configure:3187: checking for as31
configure:3220: result: no
configure:3439: creating ./config.status

## ---------------------- ##
## Running config.status. ##
## ---------------------- ##

This file was extended by config.status, which was
generated by GNU Autoconf 2.57.  Invocation command line was

  CONFIG_FILES    = 
  CONFIG_HEADERS  = 
  CONFIG_LINKS    = 
  CONFIG_COMMANDS = 
  $ ./config.status 

on localhost

config.status:4147: creating Makefile
config.status:4147: creating hdsploader/Makefile
config.status:4147: creating mixartloader/Makefile
config.status:4147: creating usx2yloader/Makefile
config.status:4147: creating vxloader/Makefile
config.status:4147: creating pcxhrloader/Makefile
config.status:4147: creating echoaudio/Makefile
config.status:4271: executing depfiles commands

## ---------------- ##
## Cache variables. ##
## ---------------- ##

ac_cv_c_compiler_gnu='yes'
ac_cv_env_CC_set=''
ac_cv_env_CC_value=''
ac_cv_env_CFLAGS_set='set'
ac_cv_env_CFLAGS_value='-Os -s '
ac_cv_env_CPPFLAGS_set=''
ac_cv_env_CPPFLAGS_value=''
ac_cv_env_CPP_set=''
ac_cv_env_CPP_value=''
ac_cv_env_LDFLAGS_set=''
ac_cv_env_LDFLAGS_value=''
ac_cv_env_build_alias_set='set'
ac_cv_env_build_alias_value='i686'
ac_cv_env_host_alias_set='set'
ac_cv_env_host_alias_value='-h'
ac_cv_env_target_alias_set=''
ac_cv_env_target_alias_value=''
ac_cv_exeext=''
ac_cv_header_stdc='yes'
ac_cv_objext='o'
ac_cv_prog_AWK='awk'
ac_cv_prog_CPP='gcc -E'
ac_cv_prog_ac_ct_CC='gcc'
ac_cv_prog_ac_ct_STRIP='strip'
ac_cv_prog_cc_g='yes'
ac_cv_prog_cc_stdc=''
ac_cv_prog_egrep='grep -E'
ac_cv_prog_make_make_set='yes'
am_cv_CC_dependencies_compiler_type='gcc3'

## ----------------- ##
## Output variables. ##
## ----------------- ##

ACLOCAL='${SHELL} /storage/emulated/0/Android/data/me.sheimi.sgit/files/repo/alsa-firmware-1.0.9/missing --run aclocal-1.7'
AMDEPBACKSLASH='\'
AMDEP_FALSE='#'
AMDEP_TRUE=''
AMTAR='${SHELL} /storage/emulated/0/Android/data/me.sheimi.sgit/files/repo/alsa-firmware-1.0.9/missing --run tar'
AS31=''
AS31_FLAGS='-Fhex'
AUTOCONF='${SHELL} /storage/emulated/0/Android/data/me.sheimi.sgit/files/repo/alsa-firmware-1.0.9/missing --run autoconf'
AUTOHEADER='${SHELL} /storage/emulated/0/Android/data/me.sheimi.sgit/files/repo/alsa-firmware-1.0.9/missing --run autoheader'
AUTOMAKE='${SHELL} /storage/emulated/0/Android/data/me.sheimi.sgit/files/repo/alsa-firmware-1.0.9/missing --run automake-1.7'
AWK='awk'
BUILD_FW_FALSE=''
BUILD_FW_TRUE='#'
CC='gcc'
CCDEPMODE='depmode=gcc3'
CFLAGS='-Os -s '
CPP='gcc -E'
CPPFLAGS=''
CYGPATH_W='echo'
DEFS='-DPACKAGE_NAME=\"\" -DPACKAGE_TARNAME=\"\" -DPACKAGE_VERSION=\"\" -DPACKAGE_STRING=\"\" -DPACKAGE_BUGREPORT=\"\" -DPACKAGE=\"alsa-firmware\" -DVERSION=\"1.0.9\" -DSTDC_HEADERS=1 '
DEPDIR='.deps'
ECHO_C='ECHO_N=''
ECHO_T=''
EGREP='grep -E'
EXEEXT=''
HOTPLUGFWDIR='/usr/lib/hotplug/firmware'
INSTALL_DATA='${INSTALL} -m 644'
INSTALL_PROGRAM='${INSTALL}'
INSTALL_SCRIPT='${INSTALL}'
INSTALL_STRIP_PROGRAM='${SHELL} $(install_sh) -c -s'
LDFLAGS=''
LIBOBJS=''
LIBS=''
LTLIBOBJS=''
MAKEINFO='${SHELL} /storage/emulated/0/Android/data/me.sheimi.sgit/files/repo/alsa-firmware-1.0.9/missing --run makeinfo'
OBJEXT='o'
PACKAGE='alsa-firmware'
PACKAGE_BUGREPORT=''
PACKAGE_NAME=''
PACKAGE_STRING=''
PACKAGE_TARNAME=''
PACKAGE_VERSION=''
PATH_SEPARATOR=':'
SET_MAKE=''
SHELL='sh'
STRIP='strip'
USE_HOTPLUG_FALSE='#'
USE_HOTPLUG_TRUE=''
USE_LOADER_FALSE='#'
USE_LOADER_TRUE=''
VERSION='1.0.9'
ac_ct_CC='gcc'
ac_ct_STRIP='strip'
am__fastdepCC_FALSE='#'
am__fastdepCC_TRUE=''
am__include='include'
am__leading_dot='.'
am__quote=''
bindir='${exec_prefix}/bin'
build_alias='i686'
datadir='${prefix}/share'
exec_prefix='${prefix}'
host_alias='-h'
includedir='${prefix}/include'
infodir='${prefix}/info'
install_sh='/storage/emulated/0/Android/data/me.sheimi.sgit/files/repo/alsa-firmware-1.0.9/install-sh'
libdir='${exec_prefix}/lib'
libexecdir='${exec_prefix}/libexec'
localstatedir='${prefix}/var'
mandir='${prefix}/man'
oldincludedir='/usr/include'
prefix='/usr/local'
program_transform_name='s,x,x,'
sbindir='${exec_prefix}/sbin'
sharedstatedir='${prefix}/com'
sysconfdir='${prefix}/etc'
target_alias=''

## ----------- ##
## confdefs.h. ##
## ----------- ##

#define PACKAGE "alsa-firmware"
#define PACKAGE_BUGREPORT ""
#define PACKAGE_NAME ""
#define PACKAGE_STRING ""
#define PACKAGE_TARNAME ""
#define PACKAGE_VERSION ""
#define STDC_HEADERS 1
#define VERSION "1.0.9"

configure: exit 0
